app/build/intermediates/manifest_merge_blame_file/debug/processDebugMainManifest/manifest-merger-blame-debug-report.txt
1<?xml version="1.0" encoding="utf-8"?>
2<manifest xmlns:android="http://schemas.android.com/apk/res/android"
3    package="com.mcp_run"
4    android:versionCode="1"
5    android:versionName="1.1" >
6
7    <uses-sdk
8        android:minSdkVersion="21"
9        android:targetSdkVersion="34" />
10
11    <!-- 网络权限 -->
12    <uses-permission android:name="android.permission.INTERNET" />
12-->src/main/AndroidManifest.xml:5:5-67
12-->src/main/AndroidManifest.xml:5:22-64
13    <uses-permission android:name="android.permission.ACCESS_NETWORK_STATE" />
13-->src/main/AndroidManifest.xml:6:5-79
13-->src/main/AndroidManifest.xml:6:22-76
14    <uses-permission android:name="android.permission.ACCESS_WIFI_STATE" />
14-->src/main/AndroidManifest.xml:7:5-76
14-->src/main/AndroidManifest.xml:7:22-73
15    <uses-permission android:name="android.permission.FOREGROUND_SERVICE" />
15-->src/main/AndroidManifest.xml:8:5-9:64
15-->src/main/AndroidManifest.xml:9:9-61
16    <uses-permission android:name="android.permission.FOREGROUND_SERVICE_DATA_SYNC" />
16-->src/main/AndroidManifest.xml:10:5-11:74
16-->src/main/AndroidManifest.xml:11:9-71
17
18    <!-- 存储权限 -->
19    <uses-permission
19-->src/main/AndroidManifest.xml:14:5-16:38
20        android:name="android.permission.READ_EXTERNAL_STORAGE"
20-->src/main/AndroidManifest.xml:15:9-64
21        android:maxSdkVersion="32" />
21-->src/main/AndroidManifest.xml:16:9-35
22    <uses-permission
22-->src/main/AndroidManifest.xml:17:5-19:38
23        android:name="android.permission.WRITE_EXTERNAL_STORAGE"
23-->src/main/AndroidManifest.xml:18:9-65
24        android:maxSdkVersion="29" />
24-->src/main/AndroidManifest.xml:19:9-35
25    <uses-permission android:name="android.permission.READ_MEDIA_IMAGES" />
25-->src/main/AndroidManifest.xml:20:5-21:63
25-->src/main/AndroidManifest.xml:21:9-60
26    <uses-permission android:name="android.permission.READ_MEDIA_VIDEO" />
26-->src/main/AndroidManifest.xml:22:5-23:62
26-->src/main/AndroidManifest.xml:23:9-59
27    <uses-permission android:name="android.permission.READ_MEDIA_AUDIO" />
27-->src/main/AndroidManifest.xml:24:5-25:62
27-->src/main/AndroidManifest.xml:25:9-59
28        android:maxSdkVersion="33" />
29
30    <!-- 通知权限 (Android 13+) -->
31    <uses-permission android:name="android.permission.POST_NOTIFICATIONS" />
31-->src/main/AndroidManifest.xml:29:5-30:64
31-->src/main/AndroidManifest.xml:30:9-61
32
33    <!-- 其他 -->
34    <uses-permission android:name="android.permission.VIBRATE" />
34-->src/main/AndroidManifest.xml:33:5-34:53
34-->src/main/AndroidManifest.xml:34:9-50
35    <uses-permission android:name="android.permission.RECEIVE_BOOT_COMPLETED" />
35-->src/main/AndroidManifest.xml:35:5-36:68
35-->src/main/AndroidManifest.xml:36:9-65
36
37    <permission
37-->[androidx.core:core:1.17.0] AndroidManifest.xml:22:5-24:47
38        android:name="com.mcp_run.DYNAMIC_RECEIVER_NOT_EXPORTED_PERMISSION"
38-->[androidx.core:core:1.17.0] AndroidManifest.xml:23:9-81
39        android:protectionLevel="signature" />
39-->[androidx.core:core:1.17.0] AndroidManifest.xml:24:9-44
40
41    <uses-permission android:name="com.mcp_run.DYNAMIC_RECEIVER_NOT_EXPORTED_PERMISSION" />
41-->[androidx.core:core:1.17.0] AndroidManifest.xml:26:5-97
41-->[androidx.core:core:1.17.0] AndroidManifest.xml:26:22-94
42
43    <application
43-->src/main/AndroidManifest.xml:38:5-73:19
44        android:allowBackup="true"
44-->src/main/AndroidManifest.xml:39:9-35
45        android:appComponentFactory="androidx.core.app.CoreComponentFactory"
45-->[androidx.core:core:1.17.0] AndroidManifest.xml:28:18-86
46        android:debuggable="true"
47        android:extractNativeLibs="true"
48        android:icon="@mipmap/ic_launcher"
48-->src/main/AndroidManifest.xml:40:9-43
49        android:label="@string/app_name"
49-->src/main/AndroidManifest.xml:41:9-41
50        android:networkSecurityConfig="@xml/network_security_config"
50-->src/main/AndroidManifest.xml:46:9-69
51        android:roundIcon="@mipmap/ic_launcher_round"
51-->src/main/AndroidManifest.xml:42:9-54
52        android:supportsRtl="true"
52-->src/main/AndroidManifest.xml:43:9-35
53        android:theme="@style/AppTheme"
53-->src/main/AndroidManifest.xml:44:9-40
54        android:usesCleartextTraffic="true" >
54-->src/main/AndroidManifest.xml:45:9-44
55
56        <!-- 主Activity -->
57        <activity
57-->src/main/AndroidManifest.xml:49:9-58:20
58            android:name="com.mcp_run.MainActivity"
58-->src/main/AndroidManifest.xml:50:13-41
59            android:exported="true"
59-->src/main/AndroidManifest.xml:51:13-36
60            android:label="@string/app_name"
60-->src/main/AndroidManifest.xml:52:13-45
61            android:launchMode="singleTop" >
61-->src/main/AndroidManifest.xml:53:13-43
62            <intent-filter>
62-->src/main/AndroidManifest.xml:54:13-57:29
63                <action android:name="android.intent.action.MAIN" />
63-->src/main/AndroidManifest.xml:55:17-69
63-->src/main/AndroidManifest.xml:55:25-66
64
65                <category android:name="android.intent.category.LAUNCHER" />
65-->src/main/AndroidManifest.xml:56:17-77
65-->src/main/AndroidManifest.xml:56:27-74
66            </intent-filter>
67        </activity>
68
69        <!-- 工具列表页面 -->
70        <activity
70-->src/main/AndroidManifest.xml:61:9-65:47
71            android:name="com.mcp_run.ToolListActivity"
71-->src/main/AndroidManifest.xml:62:13-45
72            android:exported="false"
72-->src/main/AndroidManifest.xml:63:13-37
73            android:label="MCP 工具列表"
73-->src/main/AndroidManifest.xml:64:13-37
74            android:theme="@style/AppTheme" />
74-->src/main/AndroidManifest.xml:65:13-44
75
76        <!-- MCP前台服务 -->
77        <service
77-->src/main/AndroidManifest.xml:68:9-71:56
78            android:name="com.mcp_run.MCPService"
78-->src/main/AndroidManifest.xml:69:13-39
79            android:exported="false"
79-->src/main/AndroidManifest.xml:70:13-37
80            android:foregroundServiceType="dataSync" />
80-->src/main/AndroidManifest.xml:71:13-53
81
82        <provider
82-->[androidx.emoji2:emoji2:1.3.0] AndroidManifest.xml:24:9-32:20
83            android:name="androidx.startup.InitializationProvider"
83-->[androidx.emoji2:emoji2:1.3.0] AndroidManifest.xml:25:13-67
84            android:authorities="com.mcp_run.androidx-startup"
84-->[androidx.emoji2:emoji2:1.3.0] AndroidManifest.xml:26:13-68
85            android:exported="false" >
85-->[androidx.emoji2:emoji2:1.3.0] AndroidManifest.xml:27:13-37
86            <meta-data
86-->[androidx.emoji2:emoji2:1.3.0] AndroidManifest.xml:29:13-31:52
87                android:name="androidx.emoji2.text.EmojiCompatInitializer"
87-->[androidx.emoji2:emoji2:1.3.0] AndroidManifest.xml:30:17-75
88                android:value="androidx.startup" />
88-->[androidx.emoji2:emoji2:1.3.0] AndroidManifest.xml:31:17-49
89            <meta-data
89-->[androidx.lifecycle:lifecycle-process:2.6.2] AndroidManifest.xml:29:13-31:52
90                android:name="androidx.lifecycle.ProcessLifecycleInitializer"
90-->[androidx.lifecycle:lifecycle-process:2.6.2] AndroidManifest.xml:30:17-78
91                android:value="androidx.startup" />
91-->[androidx.lifecycle:lifecycle-process:2.6.2] AndroidManifest.xml:31:17-49
92            <meta-data
92-->[androidx.profileinstaller:profileinstaller:1.4.0] AndroidManifest.xml:29:13-31:52
93                android:name="androidx.profileinstaller.ProfileInstallerInitializer"
93-->[androidx.profileinstaller:profileinstaller:1.4.0] AndroidManifest.xml:30:17-85
94                android:value="androidx.startup" />
94-->[androidx.profileinstaller:profileinstaller:1.4.0] AndroidManifest.xml:31:17-49
95        </provider>
96
97        <receiver
97-->[androidx.profileinstaller:profileinstaller:1.4.0] AndroidManifest.xml:34:9-52:20
98            android:name="androidx.profileinstaller.ProfileInstallReceiver"
98-->[androidx.profileinstaller:profileinstaller:1.4.0] AndroidManifest.xml:35:13-76
99            android:directBootAware="false"
99-->[androidx.profileinstaller:profileinstaller:1.4.0] AndroidManifest.xml:36:13-44
100            android:enabled="true"
100-->[androidx.profileinstaller:profileinstaller:1.4.0] AndroidManifest.xml:37:13-35
101            android:exported="true"
101-->[androidx.profileinstaller:profileinstaller:1.4.0] AndroidManifest.xml:38:13-36
102            android:permission="android.permission.DUMP" >
102-->[androidx.profileinstaller:profileinstaller:1.4.0] AndroidManifest.xml:39:13-57
103            <intent-filter>
103-->[androidx.profileinstaller:profileinstaller:1.4.0] AndroidManifest.xml:40:13-42:29
104                <action android:name="androidx.profileinstaller.action.INSTALL_PROFILE" />
104-->[androidx.profileinstaller:profileinstaller:1.4.0] AndroidManifest.xml:41:17-91
104-->[androidx.profileinstaller:profileinstaller:1.4.0] AndroidManifest.xml:41:25-88
105            </intent-filter>
106            <intent-filter>
106-->[androidx.profileinstaller:profileinstaller:1.4.0] AndroidManifest.xml:43:13-45:29
107                <action android:name="androidx.profileinstaller.action.SKIP_FILE" />
107-->[androidx.profileinstaller:profileinstaller:1.4.0] AndroidManifest.xml:44:17-85
107-->[androidx.profileinstaller:profileinstaller:1.4.0] AndroidManifest.xml:44:25-82
108            </intent-filter>
109            <intent-filter>
109-->[androidx.profileinstaller:profileinstaller:1.4.0] AndroidManifest.xml:46:13-48:29
110                <action android:name="androidx.profileinstaller.action.SAVE_PROFILE" />
110-->[androidx.profileinstaller:profileinstaller:1.4.0] AndroidManifest.xml:47:17-88
110-->[androidx.profileinstaller:profileinstaller:1.4.0] AndroidManifest.xml:47:25-85
111            </intent-filter>
112            <intent-filter>
112-->[androidx.profileinstaller:profileinstaller:1.4.0] AndroidManifest.xml:49:13-51:29
113                <action android:name="androidx.profileinstaller.action.BENCHMARK_OPERATION" />
113-->[androidx.profileinstaller:profileinstaller:1.4.0] AndroidManifest.xml:50:17-95
113-->[androidx.profileinstaller:profileinstaller:1.4.0] AndroidManifest.xml:50:25-92
114            </intent-filter>
115        </receiver>
116    </application>
117
118</manifest>